#
# There is insufficient memory for the Java Runtime Environment to continue.
# Native memory allocation (mmap) failed to map 536870912 bytes. Error detail: G1 virtual space
# Possible reasons:
#   The system is out of physical RAM or swap space
#   This process is running with CompressedOops enabled, and the Java Heap may be blocking the growth of the native heap
# Possible solutions:
#   Reduce memory load on the system
#   Increase physical memory or swap space
#   Check if swap backing store is full
#   Decrease Java heap size (-Xmx/-Xms)
#   Decrease number of Java threads
#   Decrease Java thread stack sizes (-Xss)
#   Set larger code cache with -XX:ReservedCodeCacheSize=
#   JVM is running with Zero Based Compressed Oops mode in which the Java heap is
#     placed in the first 32GB address space. The Java Heap base address is the
#     maximum limit for the native heap growth. Please use -XX:HeapBaseMinAddress
#     to set the Java Heap base and to place the Java Heap above 32GB virtual address.
# This output file may be truncated or incomplete.
#
#  Out of Memory Error (os_windows.cpp:3925), pid=50924, tid=55400
#
# JRE version:  (21.0.8+1) (build )
# Java VM: OpenJDK 64-Bit Server VM (21.0.8+1-b1038.68, mixed mode, sharing, tiered, compressed oops, compressed class ptrs, g1 gc, windows-amd64)
# No core dump will be written. Minidumps are not enabled by default on client versions of Windows
#

---------------  S U M M A R Y ------------

Command Line: git4idea.http.GitAskPassApp Username for 'http://192.168.1.202:8001': 

Host: Intel(R) Core(TM) i7-14700K, 28 cores, 31G,  Windows 11 , 64 bit Build 26100 (10.0.26100.7623)
Time: Fri Feb  6 20:17:25 2026 elapsed time: 0.012869 seconds (0d 0h 0m 0s)

---------------  T H R E A D  ---------------

Current thread (0x000001f8313f95c0):  JavaThread "Unknown thread" [_thread_in_vm, id=55400, stack(0x000000a7cc700000,0x000000a7cc800000) (1024K)]

Stack: [0x000000a7cc700000,0x000000a7cc800000]
Native frames: (J=compiled Java code, j=interpreted, Vv=VM code, C=native code)
V  [jvm.dll+0x6ebeb9]
V  [jvm.dll+0x8cbec3]
V  [jvm.dll+0x8ce47e]
V  [jvm.dll+0x8ceb63]
V  [jvm.dll+0x28adf6]
V  [jvm.dll+0x6e8695]
V  [jvm.dll+0x6dbeea]
V  [jvm.dll+0x36689b]
V  [jvm.dll+0x36e466]
V  [jvm.dll+0x3c08c6]
V  [jvm.dll+0x3c0b98]
V  [jvm.dll+0x3390cc]
V  [jvm.dll+0x339dbb]
V  [jvm.dll+0x893349]
V  [jvm.dll+0x3cda98]
V  [jvm.dll+0x87c368]
V  [jvm.dll+0x46283e]
V  [jvm.dll+0x464521]
C  [jli.dll+0x52ab]
C  [ucrtbase.dll+0x37b0]
C  [KERNEL32.DLL+0x2e8d7]
C  [ntdll.dll+0x8c53c]


---------------  P R O C E S S  ---------------

Threads class SMR info:
_java_thread_list=0x00007ffbe52932c8, length=0, elements={
}

Java Threads: ( => current thread )
Total: 0

Other Threads:
  0x000001f8314a3c60 WorkerThread "GC Thread#0"                     [id=36332, stack(0x000000a7cc800000,0x000000a7cc900000) (1024K)]
  0x000001f8314b4b30 ConcurrentGCThread "G1 Main Marker"            [id=108872, stack(0x000000a7cc900000,0x000000a7cca00000) (1024K)]
  0x000001f8314b5630 WorkerThread "G1 Conc#0"                       [id=28932, stack(0x000000a7cca00000,0x000000a7ccb00000) (1024K)]

[error occurred during error reporting (printing all threads), id 0xc0000005, EXCEPTION_ACCESS_VIOLATION (0xc0000005) at pc=0x00007ffbe497c0b7]
VM state: not at safepoint (not fully initialized)

VM Mutex/Monitor currently owned by a thread:  ([mutex/lock_event])
[0x00007ffbe5307d58] Heap_lock - owner thread: 0x000001f8313f95c0

Heap address: 0x0000000603800000, size: 8136 MB, Compressed Oops mode: Zero based, Oop shift amount: 3

CDS archive(s) mapped at: [0x0000000000000000-0x0000000000000000-0x0000000000000000), size 0, SharedBaseAddress: 0x0000000800000000, ArchiveRelocationMode: 1.
Narrow klass base: 0x0000000000000000, Narrow klass shift: 0, Narrow klass range: 0x0

GC Precious Log:
 CardTable entry size: 512
 Card Set container configuration: InlinePtr #cards 4 size 8 Array Of Cards #cards 32 size 80 Howl #buckets 8 coarsen threshold 7372 Howl Bitmap #cards 1024 size 144 coarsen threshold 921 Card regions per heap region 1 cards per card region 8192

Heap:
 garbage-first heap   total 0K, used 0K [0x0000000603800000, 0x0000000800000000)
  region size 4096K, 0 young (0K), 0 survivors (0K)
 Metaspace       used 0K, committed 0K, reserved 0K
  class space    used 0K, committed 0K, reserved 0K

Heap Regions: E=young(eden), S=young(survivor), O=old, HS=humongous(starts), HC=humongous(continues), CS=collection set, F=free, TAMS=top-at-mark-start, PB=parsable bottom

Card table byte_map: [0x000001f846450000,0x000001f847440000] _byte_map_base: 0x000001f843434000

Marking Bits: (CMBitMap*) 0x000001f8314a4360
 Bits: [0x000001f847440000, 0x000001f84f360000)

GC Heap History (0 events):
No events

Dll operation events (1 events):
Event: 0.007 Loaded shared library D:\ideaIC-2025.2.1.win\jbr\bin\java.dll

Deoptimization events (0 events):
No events

Classes loaded (0 events):
No events

Classes unloaded (0 events):
No events

Classes redefined (0 events):
No events

Internal exceptions (0 events):
No events

ZGC Phase Switch (0 events):
No events

VM Operations (0 events):
No events

Memory protections (0 events):
No events

Nmethod flushes (0 events):
No events

Events (0 events):
No events


Dynamic libraries:
0x00007ff7076c0000 - 0x00007ff7076ca000 	D:\ideaIC-2025.2.1.win\jbr\bin\java.exe
0x00007ffc48780000 - 0x00007ffc489e7000 	C:\WINDOWS\SYSTEM32\ntdll.dll
0x00007ffc46850000 - 0x00007ffc46919000 	C:\WINDOWS\System32\KERNEL32.DLL
0x00007ffc45900000 - 0x00007ffc45cef000 	C:\WINDOWS\System32\KERNELBASE.dll
0x00007ffc45e70000 - 0x00007ffc45fbb000 	C:\WINDOWS\System32\ucrtbase.dll
0x00007ffbe1ca0000 - 0x00007ffbe1cb8000 	D:\ideaIC-2025.2.1.win\jbr\bin\jli.dll
0x00007ffc3b310000 - 0x00007ffc3b32b000 	D:\ideaIC-2025.2.1.win\jbr\bin\VCRUNTIME140.dll
0x00007ffc48470000 - 0x00007ffc48635000 	C:\WINDOWS\System32\USER32.dll
0x00007ffc458d0000 - 0x00007ffc458f7000 	C:\WINDOWS\System32\win32u.dll
0x00007ffc13a50000 - 0x00007ffc13ce3000 	C:\WINDOWS\WinSxS\amd64_microsoft.windows.common-controls_6595b64144ccf1df_6.0.26100.7309_none_3e05feeae336a044\COMCTL32.dll
0x00007ffc46520000 - 0x00007ffc4654b000 	C:\WINDOWS\System32\GDI32.dll
0x00007ffc46280000 - 0x00007ffc463ac000 	C:\WINDOWS\System32\gdi32full.dll
0x00007ffc46710000 - 0x00007ffc467b9000 	C:\WINDOWS\System32\msvcrt.dll
0x00007ffc463b0000 - 0x00007ffc46453000 	C:\WINDOWS\System32\msvcp_win.dll
0x00007ffc46610000 - 0x00007ffc46641000 	C:\WINDOWS\System32\IMM32.DLL
0x00007ffc3c5b0000 - 0x00007ffc3c5bc000 	D:\ideaIC-2025.2.1.win\jbr\bin\vcruntime140_1.dll
0x00007ffba3d30000 - 0x00007ffba3dbd000 	D:\ideaIC-2025.2.1.win\jbr\bin\msvcp140.dll
0x00007ffbe4630000 - 0x00007ffbe53fb000 	D:\ideaIC-2025.2.1.win\jbr\bin\server\jvm.dll
0x00007ffc46550000 - 0x00007ffc46604000 	C:\WINDOWS\System32\ADVAPI32.dll
0x00007ffc46660000 - 0x00007ffc46706000 	C:\WINDOWS\System32\sechost.dll
0x00007ffc48020000 - 0x00007ffc48138000 	C:\WINDOWS\System32\RPCRT4.dll
0x00007ffc48640000 - 0x00007ffc486b4000 	C:\WINDOWS\System32\WS2_32.dll
0x00007ffc45730000 - 0x00007ffc4578e000 	C:\WINDOWS\SYSTEM32\POWRPROF.dll
0x00007ffc33cd0000 - 0x00007ffc33cdb000 	C:\WINDOWS\SYSTEM32\VERSION.dll
0x00007ffc3ca50000 - 0x00007ffc3ca85000 	C:\WINDOWS\SYSTEM32\WINMM.dll
0x00007ffc45710000 - 0x00007ffc45724000 	C:\WINDOWS\SYSTEM32\UMPDC.dll
0x00007ffc44640000 - 0x00007ffc4465b000 	C:\WINDOWS\SYSTEM32\kernel.appcore.dll
0x00007ffc2f2c0000 - 0x00007ffc2f2ca000 	D:\ideaIC-2025.2.1.win\jbr\bin\jimage.dll
0x00007ffc42e70000 - 0x00007ffc430b2000 	C:\WINDOWS\SYSTEM32\DBGHELP.DLL
0x00007ffc47360000 - 0x00007ffc476e6000 	C:\WINDOWS\System32\combase.dll
0x00007ffc47a50000 - 0x00007ffc47b26000 	C:\WINDOWS\System32\OLEAUT32.dll
0x00007ffc1a700000 - 0x00007ffc1a73c000 	C:\WINDOWS\SYSTEM32\dbgcore.DLL
0x00007ffc46140000 - 0x00007ffc461e5000 	C:\WINDOWS\System32\bcryptPrimitives.dll
0x00007ffc2f2a0000 - 0x00007ffc2f2c0000 	D:\ideaIC-2025.2.1.win\jbr\bin\java.dll

JVMTI agents: none

dbghelp: loaded successfully - version: 4.0.5 - missing functions: none
symbol engine: initialized successfully - sym options: 0x614 - pdb path: .;D:\ideaIC-2025.2.1.win\jbr\bin;C:\WINDOWS\SYSTEM32;C:\WINDOWS\WinSxS\amd64_microsoft.windows.common-controls_6595b64144ccf1df_6.0.26100.7309_none_3e05feeae336a044;D:\ideaIC-2025.2.1.win\jbr\bin\server

VM Arguments:
java_command: git4idea.http.GitAskPassApp Username for 'http://192.168.1.202:8001': 
java_class_path (initial): D:/ideaIC-2025.2.1.win/plugins/vcs-git/lib/git4idea-rt.jar;D:/ideaIC-2025.2.1.win/lib/externalProcess-rt.jar
Launcher Type: SUN_STANDARD

[Global flags]
     intx CICompilerCount                          = 12                                        {product} {ergonomic}
     uint ConcGCThreads                            = 5                                         {product} {ergonomic}
     uint G1ConcRefinementThreads                  = 20                                        {product} {ergonomic}
   size_t G1HeapRegionSize                         = 4194304                                   {product} {ergonomic}
    uintx GCDrainStackTargetSize                   = 64                                        {product} {ergonomic}
   size_t InitialHeapSize                          = 536870912                                 {product} {ergonomic}
   size_t MarkStackSize                            = 4194304                                   {product} {ergonomic}
   size_t MaxHeapSize                              = 8531214336                                {product} {ergonomic}
   size_t MinHeapDeltaBytes                        = 4194304                                   {product} {ergonomic}
   size_t MinHeapSize                              = 8388608                                   {product} {ergonomic}
    uintx NonNMethodCodeHeapSize                   = 7602480                                {pd product} {ergonomic}
    uintx NonProfiledCodeHeapSize                  = 122027880                              {pd product} {ergonomic}
    uintx ProfiledCodeHeapSize                     = 122027880                              {pd product} {ergonomic}
    uintx ReservedCodeCacheSize                    = 251658240                              {pd product} {ergonomic}
     bool SegmentedCodeCache                       = true                                      {product} {ergonomic}
   size_t SoftMaxHeapSize                          = 8531214336                             {manageable} {ergonomic}
     bool UseCompressedOops                        = true                           {product lp64_product} {ergonomic}
     bool UseG1GC                                  = true                                      {product} {ergonomic}
     bool UseLargePagesIndividualAllocation        = false                                  {pd product} {ergonomic}

Logging:
Log output configuration:
 #0: stdout all=warning uptime,level,tags foldmultilines=false
 #1: stderr all=off uptime,level,tags foldmultilines=false

Environment Variables:
JAVA_HOME=C:\Program Files\java\jdk-17.0.2
PATH=C:/Program Files/Git/mingw64/libexec/git-core;C:/Program Files/Git/mingw64/libexec/git-core;C:\Program Files\Git\mingw64\bin;C:\Program Files\Git\usr\bin;C:\Users\Administrator\bin;E:\python\Scripts\;E:\python\;C:\WINDOWS\system32;C:\WINDOWS;C:\WINDOWS\System32\Wbem;C:\WINDOWS\System32\WindowsPowerShell\v1.0\;C:\WINDOWS\System32\OpenSSH\;C:\Program Files\java\jdk-17.0.2\bin;C:\Program Files\Git\cmd;C:\Program Files\Docker\Docker\resources\bin;E:\Program Files\nodejs\;C:\ProgramData\chocolatey\bin;C:\Program Files\Docker\Docker\resources\cli-plugins;E:\PostgreSQL\16\bin;E:\PostgreSQL\13\bin;E:\Program Files\PuTTY\;E:\apache-maven-3.9.11\BIN;E:\Program Files (x86)\;D:\Program Files\;C:\Program Files\dotnet\;C:\Users\Administrator\AppData\Local\Programs\Python\Launcher\;C:\Users\Administrator\AppData\Local\Microsoft\WindowsApps;C:\Users\Administrator\AppData\Roaming\npm
USERNAME=Administrator
DISPLAY=:0.0
LC_ALL=en_US.UTF-8
TERM=xterm-256color
TMPDIR=C:\Users\ADMINI~1\AppData\Local\Temp
OS=Windows_NT
PROCESSOR_IDENTIFIER=Intel64 Family 6 Model 183 Stepping 1, GenuineIntel
TMP=C:\Users\ADMINI~1\AppData\Local\Temp
TEMP=C:\Users\ADMINI~1\AppData\Local\Temp




Periodic native trim disabled

JNI global refs:
JNI global refs: 0, weak refs: 0

JNI global refs memory usage: 0, weak refs: 0

Process memory usage:
Resident Set Size: 13616K (0% of 33316396K total physical memory with 1257636K free physical memory)

OOME stack traces (most recent first):
Classloader memory used:

---------------  S Y S T E M  ---------------

OS:
 Windows 11 , 64 bit Build 26100 (10.0.26100.7623)
OS uptime: 22 days 23:44 hours
Hyper-V role detected

CPU: total 28 (initial active 28) (14 cores per cpu, 2 threads per core) family 6 model 183 stepping 1 microcode 0x12c, cx8, cmov, fxsr, ht, mmx, 3dnowpref, sse, sse2, sse3, ssse3, sse4.1, sse4.2, popcnt, lzcnt, tsc, tscinvbit, avx, avx2, aes, erms, clmul, bmi1, bmi2, adx, sha, fma, vzeroupper, clflush, clflushopt, clwb, hv, serialize, rdtscp, rdpid, fsrm, f16c, cet_ibt, cet_ss
Processor Information for the first 28 processors :
  Max Mhz: 3400, Current Mhz: 3400, Mhz Limit: 3400

Memory: 4k page, system-wide physical 32535M (1228M free)
TotalPageFile size 57983M (AvailPageFile size 420M)
current process WorkingSet (physical memory assigned to process): 13M, peak: 13M
current process commit charge ("private bytes"): 86M, peak: 598M

vm_info: OpenJDK 64-Bit Server VM (21.0.8+1-b1038.68) for windows-amd64 JRE (21.0.8+1-b1038.68), built on 2025-07-24 by "builduser" with MS VC++ 16.10 / 16.11 (VS2019)

END.
